{
  "RSpec": {
    "coverage": {
      "/Users/henriqueramos.qs/Documents/Educativo/UnB/teste/EngSof/FINCAMAR/CAAMAR/spec/controllers/application_controller_spec.rb": {
        "lines": [
          null,
          1,
          null,
          1,
          5,
          null,
          null,
          1,
          6,
          null,
          null,
          1,
          1,
          1,
          1,
          null,
          null,
          1,
          1,
          1,
          null,
          null,
          null,
          1,
          1,
          1,
          1,
          null,
          null,
          1,
          1,
          1,
          null,
          null,
          null,
          1,
          1,
          1,
          1,
          0,
          null,
          null,
          null,
          1,
          1,
          1,
          1,
          1,
          1,
          null,
          null,
          null
        ]
      },
      "/Users/henriqueramos.qs/Documents/Educativo/UnB/teste/EngSof/FINCAMAR/CAAMAR/spec/rails_helper.rb": {
        "lines": [
          null,
          1,
          1,
          1,
          null,
          1,
          1,
          null,
          null,
          null,
          null,
          null,
          null,
          null,
          null,
          null,
          null,
          null,
          null,
          null,
          null,
          null,
          null,
          null,
          null,
          null,
          null,
          1,
          null,
          0,
          null,
          1,
          null,
          1,
          null,
          null,
          null,
          null,
          null,
          null,
          1,
          null,
          null,
          null,
          null,
          null,
          null,
          null,
          null,
          null,
          null,
          null,
          null,
          null,
          null,
          null,
          null,
          null,
          1,
          null,
          null,
          1,
          null,
          null,
          null
        ]
      },
      "/Users/henriqueramos.qs/Documents/Educativo/UnB/teste/EngSof/FINCAMAR/CAAMAR/config/environment.rb": {
        "lines": [
          null,
          1,
          null,
          null,
          1
        ]
      },
      "/Users/henriqueramos.qs/Documents/Educativo/UnB/teste/EngSof/FINCAMAR/CAAMAR/config/application.rb": {
        "lines": [
          1,
          null,
          1,
          null,
          null,
          null,
          1,
          null,
          1,
          1,
          null,
          1,
          null,
          null,
          null,
          null,
          1,
          null,
          null,
          null,
          null,
          null,
          null,
          null,
          null,
          null,
          null
        ]
      },
      "/Users/henriqueramos.qs/Documents/Educativo/UnB/teste/EngSof/FINCAMAR/CAAMAR/config/boot.rb": {
        "lines": [
          1,
          null,
          1,
          1
        ]
      },
      "/Users/henriqueramos.qs/Documents/Educativo/UnB/teste/EngSof/FINCAMAR/CAAMAR/config/environments/test.rb": {
        "lines": [
          1,
          null,
          null,
          null,
          null,
          null,
          null,
          1,
          null,
          null,
          null,
          1,
          null,
          null,
          null,
          null,
          null,
          1,
          null,
          null,
          1,
          1,
          null,
          null,
          null,
          null,
          1,
          1,
          1,
          null,
          null,
          1,
          null,
          null,
          1,
          null,
          null,
          1,
          null,
          1,
          null,
          null,
          null,
          null,
          1,
          null,
          null,
          1,
          null,
          null,
          1,
          null,
          null,
          1,
          null,
          null,
          null,
          null,
          null,
          null,
          null,
          null,
          1,
          null
        ]
      },
      "/Users/henriqueramos.qs/Documents/Educativo/UnB/teste/EngSof/FINCAMAR/CAAMAR/config/initializers/assets.rb": {
        "lines": [
          null,
          null,
          null,
          1,
          null,
          null,
          null,
          null,
          null,
          null,
          null,
          null
        ]
      },
      "/Users/henriqueramos.qs/Documents/Educativo/UnB/teste/EngSof/FINCAMAR/CAAMAR/config/initializers/content_security_policy.rb": {
        "lines": [
          null,
          null,
          null,
          null,
          null,
          null,
          null,
          null,
          null,
          null,
          null,
          null,
          null,
          null,
          null,
          null,
          null,
          null,
          null,
          null,
          null,
          null,
          null,
          null,
          null
        ]
      },
      "/Users/henriqueramos.qs/Documents/Educativo/UnB/teste/EngSof/FINCAMAR/CAAMAR/config/initializers/filter_parameter_logging.rb": {
        "lines": [
          null,
          null,
          null,
          null,
          null,
          1,
          null,
          null
        ]
      },
      "/Users/henriqueramos.qs/Documents/Educativo/UnB/teste/EngSof/FINCAMAR/CAAMAR/config/initializers/inflections.rb": {
        "lines": [
          null,
          null,
          null,
          null,
          null,
          null,
          null,
          null,
          null,
          null,
          null,
          null,
          null,
          null,
          null,
          null
        ]
      },
      "/Users/henriqueramos.qs/Documents/Educativo/UnB/teste/EngSof/FINCAMAR/CAAMAR/config/initializers/permissions_policy.rb": {
        "lines": [
          null,
          null,
          null,
          null,
          null,
          null,
          null,
          null,
          null,
          null,
          null,
          null,
          null
        ]
      },
      "/Users/henriqueramos.qs/Documents/Educativo/UnB/teste/EngSof/FINCAMAR/CAAMAR/config/routes.rb": {
        "lines": [
          1,
          1,
          1,
          null,
          1,
          null,
          1,
          null,
          1,
          1,
          null,
          1,
          1,
          1,
          1,
          null,
          1,
          null,
          1,
          null,
          1,
          null,
          1,
          1,
          1,
          1,
          null,
          1,
          null,
          1,
          null,
          null,
          1,
          1,
          1,
          null,
          null,
          null,
          null,
          1,
          1,
          1,
          null,
          null,
          null,
          null,
          1,
          1,
          1,
          null,
          null,
          null,
          1,
          1,
          1,
          null,
          null,
          null,
          null,
          1,
          null,
          1,
          null,
          null,
          1,
          null,
          null,
          null,
          null,
          null,
          null,
          1,
          null,
          null,
          null,
          null
        ]
      },
      "/Users/henriqueramos.qs/Documents/Educativo/UnB/teste/EngSof/FINCAMAR/CAAMAR/app/helpers/application_helper.rb": {
        "lines": [
          1,
          null,
          1,
          1,
          null,
          null,
          null,
          1,
          1,
          null,
          null,
          1,
          1,
          1,
          null,
          1,
          2,
          5,
          null,
          null,
          null,
          null,
          2,
          3,
          null,
          null,
          null,
          2,
          null,
          2,
          null,
          null,
          null
        ]
      },
      "/Users/henriqueramos.qs/Documents/Educativo/UnB/teste/EngSof/FINCAMAR/CAAMAR/app/helpers/avaliacoes_helper.rb": {
        "lines": [
          1,
          null
        ]
      },
      "/Users/henriqueramos.qs/Documents/Educativo/UnB/teste/EngSof/FINCAMAR/CAAMAR/app/helpers/home_helper.rb": {
        "lines": [
          1,
          null
        ]
      },
      "/Users/henriqueramos.qs/Documents/Educativo/UnB/teste/EngSof/FINCAMAR/CAAMAR/app/helpers/runner_helper.rb": {
        "lines": [
          1,
          null
        ]
      },
      "/Users/henriqueramos.qs/Documents/Educativo/UnB/teste/EngSof/FINCAMAR/CAAMAR/app/helpers/turmas_helper.rb": {
        "lines": [
          1,
          null
        ]
      },
      "/Users/henriqueramos.qs/Documents/Educativo/UnB/teste/EngSof/FINCAMAR/CAAMAR/app/helpers/uploader_helper.rb": {
        "lines": [
          1,
          null
        ]
      },
      "/Users/henriqueramos.qs/Documents/Educativo/UnB/teste/EngSof/FINCAMAR/CAAMAR/app/helpers/usuarios_helper.rb": {
        "lines": [
          1,
          null
        ]
      },
      "/Users/henriqueramos.qs/Documents/Educativo/UnB/teste/EngSof/FINCAMAR/CAAMAR/app/controllers/application_controller.rb": {
        "lines": [
          1,
          null,
          null,
          null,
          1,
          4,
          null,
          1,
          null,
          null,
          1,
          6,
          null,
          null,
          null,
          1,
          2,
          null,
          1,
          null,
          null,
          1,
          2,
          2,
          2,
          null,
          null,
          null,
          1,
          1,
          1,
          null,
          null,
          null
        ]
      },
      "/Users/henriqueramos.qs/Documents/Educativo/UnB/teste/EngSof/FINCAMAR/CAAMAR/spec/controllers/usuarios_controller_spec.rb": {
        "lines": [
          null,
          1,
          null,
          1,
          1,
          null,
          10,
          null,
          null,
          null,
          null,
          null,
          null,
          null,
          null,
          null,
          null,
          null,
          1,
          null,
          2,
          null,
          null,
          null,
          null,
          null,
          null,
          null,
          null,
          null,
          null,
          1,
          1,
          1,
          1,
          1,
          null,
          null,
          null,
          1,
          1,
          1,
          1,
          1,
          null,
          null,
          null,
          1,
          1,
          1,
          1,
          null,
          null,
          null,
          1,
          1,
          1,
          1,
          1,
          null,
          null,
          null,
          1,
          1,
          1,
          1,
          1,
          null,
          null,
          null,
          1,
          1,
          1,
          null,
          null,
          null,
          1,
          1,
          1,
          1,
          null,
          null,
          null,
          null,
          1,
          1,
          1,
          null,
          1,
          null,
          null,
          null,
          1,
          1,
          1,
          1,
          1,
          null,
          null,
          1,
          1,
          1,
          1,
          null,
          null,
          null,
          1,
          1,
          1,
          1,
          1,
          null,
          null,
          null,
          null,
          1,
          1,
          1,
          1,
          1,
          null,
          null,
          null,
          1,
          1,
          1,
          1,
          null,
          null,
          null
        ]
      },
      "/Users/henriqueramos.qs/Documents/Educativo/UnB/teste/EngSof/FINCAMAR/CAAMAR/app/controllers/usuarios_controller.rb": {
        "lines": [
          null,
          1,
          1,
          null,
          null,
          null,
          1,
          1,
          null,
          null,
          null,
          null,
          1,
          null,
          null,
          null,
          null,
          1,
          1,
          null,
          null,
          null,
          null,
          1,
          null,
          null,
          null,
          null,
          1,
          3,
          3,
          null,
          3,
          3,
          null,
          4,
          2,
          null,
          null,
          2,
          1,
          null,
          null,
          null,
          null,
          1,
          0,
          null,
          null,
          null,
          null,
          1,
          null,
          3,
          3,
          4,
          2,
          null,
          2,
          1,
          null,
          null,
          null,
          null,
          null,
          null,
          1,
          2,
          null,
          2,
          4,
          2,
          null,
          null,
          null,
          null,
          null,
          null,
          1,
          0,
          0,
          0,
          null,
          0,
          0,
          0,
          null,
          null,
          null,
          null,
          null,
          null,
          null,
          null,
          0,
          0,
          null,
          0,
          null,
          null,
          null,
          null,
          null,
          1,
          null,
          null,
          1,
          7,
          null,
          null,
          null,
          1,
          9,
          null,
          null
        ]
      },
      "/Users/henriqueramos.qs/Documents/Educativo/UnB/teste/EngSof/FINCAMAR/CAAMAR/spec/helpers/runner_helper_spec.rb": {
        "lines": [
          1,
          null,
          null,
          null,
          null,
          null,
          null,
          null,
          null,
          null,
          null,
          null,
          1,
          1,
          null
        ]
      },
      "/Users/henriqueramos.qs/Documents/Educativo/UnB/teste/EngSof/FINCAMAR/CAAMAR/spec/helpers/uploader_helper_spec.rb": {
        "lines": [
          1,
          null,
          null,
          null,
          null,
          null,
          null,
          null,
          null,
          null,
          null,
          null,
          1,
          1,
          null
        ]
      },
      "/Users/henriqueramos.qs/Documents/Educativo/UnB/teste/EngSof/FINCAMAR/CAAMAR/spec/requests/avaliacoes_spec.rb": {
        "lines": [
          1,
          null,
          1,
          1,
          1,
          1,
          0,
          null,
          null,
          null,
          null
        ]
      },
      "/Users/henriqueramos.qs/Documents/Educativo/UnB/teste/EngSof/FINCAMAR/CAAMAR/spec/requests/gerenciamento_controller_spec.rb": {
        "lines": [
          1,
          null,
          1,
          1,
          1,
          1,
          0,
          null,
          null,
          null,
          1,
          1,
          1,
          1,
          null,
          null,
          null,
          1,
          1,
          1,
          1,
          1,
          null,
          null,
          null
        ]
      },
      "/Users/henriqueramos.qs/Documents/Educativo/UnB/teste/EngSof/FINCAMAR/CAAMAR/spec/requests/runner_spec.rb": {
        "lines": [
          1,
          null,
          1,
          1,
          1,
          null,
          null
        ]
      },
      "/Users/henriqueramos.qs/Documents/Educativo/UnB/teste/EngSof/FINCAMAR/CAAMAR/spec/requests/uploader_spec.rb": {
        "lines": [
          null,
          null,
          null,
          null,
          null,
          null,
          null
        ]
      },
      "/Users/henriqueramos.qs/Documents/Educativo/UnB/teste/EngSof/FINCAMAR/CAAMAR/spec/views/avaliacoes/index.html.erb_spec.rb": {
        "lines": [
          1,
          null,
          1,
          1,
          null
        ]
      },
      "/Users/henriqueramos.qs/Documents/Educativo/UnB/teste/EngSof/FINCAMAR/CAAMAR/app/models/current.rb": {
        "lines": [
          1,
          1,
          null
        ]
      },
      "/Users/henriqueramos.qs/Documents/Educativo/UnB/teste/EngSof/FINCAMAR/CAAMAR/app/models/usuario.rb": {
        "lines": [
          1,
          1,
          1,
          1,
          1,
          null,
          1,
          1,
          1,
          1,
          1,
          null
        ]
      },
      "/Users/henriqueramos.qs/Documents/Educativo/UnB/teste/EngSof/FINCAMAR/CAAMAR/app/models/application_record.rb": {
        "lines": [
          1,
          1,
          null
        ]
      },
      "/Users/henriqueramos.qs/Documents/Educativo/UnB/teste/EngSof/FINCAMAR/CAAMAR/app/controllers/avaliacoes_controller.rb": {
        "lines": [
          1,
          1,
          1,
          1,
          null,
          1,
          0,
          0,
          0,
          null,
          null,
          0,
          null,
          0,
          null,
          null,
          null
        ]
      },
      "/Users/henriqueramos.qs/Documents/Educativo/UnB/teste/EngSof/FINCAMAR/CAAMAR/app/controllers/gerenciamento_controller.rb": {
        "lines": [
          1,
          1,
          null,
          1,
          1,
          0,
          0,
          null,
          null,
          null,
          null,
          1,
          1,
          0,
          0,
          null,
          null,
          0,
          0,
          0,
          0,
          null,
          0,
          null,
          null,
          null,
          1,
          1,
          1,
          1,
          1,
          null,
          null,
          1,
          null,
          null,
          1,
          1,
          1,
          2,
          0,
          0,
          null,
          null,
          null,
          1,
          1,
          1,
          null,
          1,
          1,
          1,
          null,
          null,
          1,
          1,
          0,
          0,
          0,
          null,
          0,
          0,
          0,
          0,
          0,
          null,
          0,
          null,
          null,
          0,
          0,
          0,
          null,
          null,
          0,
          0,
          0,
          0,
          null,
          null,
          1,
          1,
          null,
          1,
          0,
          null,
          null,
          1,
          1,
          1,
          1,
          0,
          null,
          null,
          null,
          1,
          null,
          null,
          null
        ]
      }
    },
    "timestamp": 1720224839
  }
}
